<?xml version="1.0" encoding="UTF-8"?>
<!-- Generated by org.testng.reporters.JUnitReportReporter -->
<testsuite hostname="Lenovo-G500" failures="0" tests="1" name="Assignment.Assignment" time="58.260" errors="0" timestamp="2022-07-04T12:05:00 IST" skipped="0">
  <testcase classname="Assignment.Assignment" name="assignment" time="58.260"/>
  <system-out/>
</testsuite> <!-- Assignment.Assignment -->
